#
# A fatal error has been detected by the Java Runtime Environment:
#
#  SIGSEGV (0xb) at pc=0x000000010369fa41, pid=3340, tid=18947
#
# JRE version: Java(TM) SE Runtime Environment (8.0_25-b17) (build 1.8.0_25-b17)
# Java VM: Java HotSpot(TM) 64-Bit Server VM (25.25-b02 mixed mode bsd-amd64 compressed oops)
# Problematic frame:
# V  [libjvm.dylib+0x15ba41]  IndexSet::insert(unsigned int)+0x19
#
# Failed to write core dump. Core dumps have been disabled. To enable core dumping, try "ulimit -c unlimited" before starting Java again
#
# If you would like to submit a bug report, please visit:
#   http://bugreport.sun.com/bugreport/crash.jsp
#

---------------  T H R E A D  ---------------

Current thread (0x00007f8dc301b800):  JavaThread "C2 CompilerThread1" daemon [_thread_in_native, id=18947, stack(0x0000000118c0a000,0x0000000118d0a000)]

siginfo: si_signo: 11 (SIGSEGV), si_code: 1 (SEGV_MAPERR), si_addr: 0x00007f8cc336f660

Registers:
RAX=0x00007f8cc336f650, RBX=0x0000000000000237, RCX=0x0000000000000002, RDX=0x0000000005515455
RSP=0x0000000118d06440, RBP=0x0000000118d06450, RSI=0x0000000000000237, RDI=0x0000000119bae910
R8 =0x0000000118d06698, R9 =0x0000000000000001, R10=0x0000000000000000, R11=0x0000000000000202
R12=0x00000000000010a8, R13=0x0000000118d06938, R14=0x0000000119bae910, R15=0x000000011989f488
RIP=0x000000010369fa41, EFLAGS=0x0000000000010202, ERR=0x0000000000000004
  TRAPNO=0x000000000000000e

Top of Stack: (sp=0x0000000118d06440)
0x0000000118d06440:   00000000000010a8 0000000118d07530
0x0000000118d06450:   0000000118d064c0 00000001037dc381
0x0000000118d06460:   0000023800000011 0000000100000002
0x0000000118d06470:   00007f8dc2353860 0000000000000003
0x0000000118d06480:   00007f8dc3b814d0 000000010000001c
0x0000000118d06490:   0000000118d066a8 0000000119833010
0x0000000118d064a0:   00000001198d0c10 00000001198d0be8
0x0000000118d064b0:   000000000000000c 00000000000fffff
0x0000000118d064c0:   0000000118d06770 00000001037dd163
0x0000000118d064d0:   0000000103d2e5bc 000000000000012a
0x0000000118d064e0:   00007f8dc204cec0 0000000affffffff
0x0000000118d064f0:   00000000000010a8 0000000b00000000
0x0000000118d06500:   0000001000000000 00007f8dc2186560
0x0000000118d06510:   00000001c2345e00 01003060fffffffe
0x0000000118d06520:   0000000119841a50 0000000119841a58
0x0000000118d06530:   0000000119841a60 0000000119841a68
0x0000000118d06540:   00007f8dc204ceb0 00000001198d0bf0
0x0000000118d06550:   0000000000000000 0000000000000000
0x0000000118d06560:   00000001198d0bf8 0000000000000000
0x0000000118d06570:   00000001198d0c00 ffffffffffffffff
0x0000000118d06580:   00000001198d0c08 ffffffffffffffff
0x0000000118d06590:   0000000118d07530 3f00eb11c0000000
0x0000000118d065a0:   3f2525d630000000 000000000006c440
0x0000000118d065b0:   0000000000000000 0000000000000000
0x0000000118d065c0:   0000000300000000 0000000000000000
0x0000000118d065d0:   0000000000000000 0000184900000000
0x0000000118d065e0:   0086ef0300000008 00007f8dc23543a0
0x0000000118d065f0:   00007f8d0000001c 00007f8dc3b814d0
0x0000000118d06600:   000000010000001c 0000000118d066a8
0x0000000118d06610:   0303030300000000 0303030303030303
0x0000000118d06620:   0000000003030303 0000000000000000
0x0000000118d06630:   0000000000000000 0000000005055455 

Instructions: (pc=0x000000010369fa41)
0x000000010369fa21:   c3 5d e9 6e 09 14 00 55 48 89 e5 41 56 53 85 f6
0x000000010369fa31:   74 4f 89 f3 49 89 fe 49 8b 46 08 89 d9 c1 e9 08
0x000000010369fa41:   48 8b 04 c8 48 3b 05 5c 67 66 00 75 0a 4c 89 f7
0x000000010369fa51:   89 de e8 24 0c 14 00 88 d9 ba 01 00 00 00 d3 e2 

Register to memory mapping:

RAX=0x00007f8cc336f650 is an unknown value
RBX=0x0000000000000237 is an unknown value
RCX=0x0000000000000002 is an unknown value
RDX=0x0000000005515455 is an unknown value
RSP=0x0000000118d06440 is pointing into the stack for thread: 0x00007f8dc301b800
RBP=0x0000000118d06450 is pointing into the stack for thread: 0x00007f8dc301b800
RSI=0x0000000000000237 is an unknown value
RDI=0x0000000119bae910 is an unknown value
R8 =0x0000000118d06698 is pointing into the stack for thread: 0x00007f8dc301b800
R9 =0x0000000000000001 is an unknown value
R10=0x0000000000000000 is an unknown value
R11=0x0000000000000202 is an unknown value
R12=0x00000000000010a8 is an unknown value
R13=0x0000000118d06938 is pointing into the stack for thread: 0x00007f8dc301b800
R14=0x0000000119bae910 is an unknown value
R15=0x000000011989f488 is an unknown value


Stack: [0x0000000118c0a000,0x0000000118d0a000],  sp=0x0000000118d06440,  free space=1009k
Native frames: (J=compiled Java code, j=interpreted, Vv=VM code, C=native code)
V  [libjvm.dylib+0x15ba41]  IndexSet::insert(unsigned int)+0x19
V  [libjvm.dylib+0x298381]  PhaseChaitin::interfere_with_live(unsigned int, IndexSet*)+0x8b
V  [libjvm.dylib+0x299163]  PhaseChaitin::build_ifg_physical(ResourceArea*)+0xdc3
V  [libjvm.dylib+0x15b0bc]  PhaseChaitin::Register_Allocate()+0x5f0
V  [libjvm.dylib+0x1a4d74]  Compile::Code_Gen()+0x14e
V  [libjvm.dylib+0x1a8b4e]  Compile::Compile(ciEnv*, C2Compiler*, ciMethod*, int, bool, bool, bool)+0x958
V  [libjvm.dylib+0x14b1d6]  C2Compiler::compile_method(ciEnv*, ciMethod*, int)+0xac
V  [libjvm.dylib+0x1ac3e8]  CompileBroker::invoke_compiler_on_method(CompileTask*)+0x5b2
V  [libjvm.dylib+0x1ae4f7]  CompileBroker::compiler_thread_loop()+0x2d5
V  [libjvm.dylib+0x535ed9]  JavaThread::thread_main_inner()+0x9b
V  [libjvm.dylib+0x53761c]  JavaThread::run()+0x1c2
V  [libjvm.dylib+0x45d87e]  java_start(Thread*)+0xf6
C  [libsystem_pthread.dylib+0x1899]  _pthread_body+0x8a
C  [libsystem_pthread.dylib+0x172a]  _pthread_struct_init+0x0
C  [libsystem_pthread.dylib+0x5fc9]  thread_start+0xd
C  0x0000000000000000


Current CompileTask:
C2:   6794  804       4       com.android.dx.ssa.NormalSsaInsn::accept (25 bytes)


---------------  P R O C E S S  ---------------

Java Threads: ( => current thread )
  0x00007f8dc3825800 JavaThread "Service Thread" daemon [_thread_blocked, id=19971, stack(0x0000000118e10000,0x0000000118f10000)]
  0x00007f8dc3024000 JavaThread "C1 CompilerThread2" daemon [_thread_in_native, id=19459, stack(0x0000000118d0d000,0x0000000118e0d000)]
=>0x00007f8dc301b800 JavaThread "C2 CompilerThread1" daemon [_thread_in_native, id=18947, stack(0x0000000118c0a000,0x0000000118d0a000)]
  0x00007f8dc382d800 JavaThread "C2 CompilerThread0" daemon [_thread_in_native, id=18435, stack(0x0000000118b07000,0x0000000118c07000)]
  0x00007f8dc2010000 JavaThread "Signal Dispatcher" daemon [_thread_blocked, id=17923, stack(0x0000000118a04000,0x0000000118b04000)]
  0x00007f8dc3844000 JavaThread "Finalizer" daemon [_thread_blocked, id=13059, stack(0x00000001187cd000,0x00000001188cd000)]
  0x00007f8dc3800000 JavaThread "Reference Handler" daemon [_thread_blocked, id=12547, stack(0x00000001186ca000,0x00000001187ca000)]
  0x00007f8dc3003800 JavaThread "main" [_thread_in_Java, id=4871, stack(0x0000000104461000,0x0000000104561000)]

Other Threads:
  0x00007f8dc200f000 VMThread [stack: 0x00000001185c7000,0x00000001186c7000] [id=12035]
  0x00007f8dc301a000 WatcherThread [stack: 0x0000000118f13000,0x0000000119013000] [id=20483]

VM state:not at safepoint (normal execution)

VM Mutex/Monitor currently owned by a thread:  ([mutex/lock_event])
[0x00007f8dc1e04130] Compile_lock - owner thread: 0x0000000000000000

Heap:
 PSYoungGen      total 76288K, used 13996K [0x00000007aab00000, 0x00000007b4000000, 0x00000007c0000000)
  eden space 65536K, 4% used [0x00000007aab00000,0x00000007aae2ee68,0x00000007aeb00000)
  from space 10752K, 99% used [0x00000007af580000,0x00000007afffc2d8,0x00000007b0000000)
  to   space 10752K, 0% used [0x00000007aeb00000,0x00000007aeb00000,0x00000007af580000)
 ParOldGen       total 175104K, used 6757K [0x0000000780000000, 0x000000078ab00000, 0x00000007aab00000)
  object space 175104K, 3% used [0x0000000780000000,0x0000000780699590,0x000000078ab00000)
 Metaspace       used 5629K, capacity 6768K, committed 7040K, reserved 1056768K
  class space    used 571K, capacity 616K, committed 640K, reserved 1048576K

Card table byte_map: [0x00000001141c0000,0x00000001143c1000] byte_map_base: 0x00000001105c0000

Marking Bits: (ParMarkBitMap*) 0x0000000103de1390
 Begin Bits: [0x0000000114923000, 0x0000000115923000)
 End Bits:   [0x0000000115923000, 0x0000000116923000)

Polling page: 0x00000001045bb000

CodeCache: size=245760Kb used=3468Kb max_used=3468Kb free=242291Kb
 bounds [0x0000000104e00000, 0x0000000105170000, 0x0000000113e00000]
 total_blobs=1207 nmethods=948 adapters=174
 compilation: enabled

Compilation events (10 events):
Event: 6.272 Thread 0x00007f8dc3024000 nmethod 1394 0x00000001051392d0 code [0x00000001051394e0, 0x0000000105139a68]
Event: 6.275 Thread 0x00007f8dc3024000 1475       2       com.android.dx.cf.code.ByteCatchList::listFor (120 bytes)
Event: 6.364 Thread 0x00007f8dc3024000 nmethod 1475 0x0000000105135010 code [0x0000000105135220, 0x0000000105135b28]
Event: 6.396 Thread 0x00007f8dc3024000 1598 %     3       com.android.dx.ssa.back.IdenticalBlockCombiner::process @ 79 (323 bytes)
Event: 6.561 Thread 0x00007f8dc3024000 nmethod 1598% 0x0000000105141610 code [0x00000001051419c0, 0x0000000105144078]
Event: 6.564 Thread 0x00007f8dc3024000 1607       3       com.android.dx.ssa.SsaConverter::placePhiFunctions (394 bytes)
Event: 6.617 Thread 0x00007f8dc3024000 nmethod 1607 0x0000000105145490 code [0x0000000105145a00, 0x0000000105148e68]
Event: 6.624 Thread 0x00007f8dc3024000 1608       3       com.android.dx.ssa.DeadCodeRemover::run (194 bytes)
Event: 6.743 Thread 0x00007f8dc3024000 nmethod 1608 0x000000010514c310 code [0x000000010514c6a0, 0x000000010514e468]
Event: 6.746 Thread 0x00007f8dc3024000 1425       2       java.util.TreeMap::fixAfterInsertion (267 bytes)

GC Heap History (4 events):
Event: 5.174 GC heap before
{Heap before GC invocations=1 (full 0):
 PSYoungGen      total 76288K, used 65536K [0x00000007aab00000, 0x00000007b0000000, 0x00000007c0000000)
  eden space 65536K, 100% used [0x00000007aab00000,0x00000007aeb00000,0x00000007aeb00000)
  from space 10752K, 0% used [0x00000007af580000,0x00000007af580000,0x00000007b0000000)
  to   space 10752K, 0% used [0x00000007aeb00000,0x00000007aeb00000,0x00000007af580000)
 ParOldGen       total 175104K, used 0K [0x0000000780000000, 0x000000078ab00000, 0x00000007aab00000)
  object space 175104K, 0% used [0x0000000780000000,0x0000000780000000,0x000000078ab00000)
 Metaspace       used 5500K, capacity 6768K, committed 7040K, reserved 1056768K
  class space    used 552K, capacity 616K, committed 640K, reserved 1048576K
Event: 5.220 GC heap after
Heap after GC invocations=1 (full 0):
 PSYoungGen      total 76288K, used 10746K [0x00000007aab00000, 0x00000007b0000000, 0x00000007c0000000)
  eden space 65536K, 0% used [0x00000007aab00000,0x00000007aab00000,0x00000007aeb00000)
  from space 10752K, 99% used [0x00000007aeb00000,0x00000007af57e980,0x00000007af580000)
  to   space 10752K, 0% used [0x00000007af580000,0x00000007af580000,0x00000007b0000000)
 ParOldGen       total 175104K, used 195K [0x0000000780000000, 0x000000078ab00000, 0x00000007aab00000)
  object space 175104K, 0% used [0x0000000780000000,0x0000000780030fd8,0x000000078ab00000)
 Metaspace       used 5500K, capacity 6768K, committed 7040K, reserved 1056768K
  class space    used 552K, capacity 616K, committed 640K, reserved 1048576K
}
Event: 6.677 GC heap before
{Heap before GC invocations=2 (full 0):
 PSYoungGen      total 76288K, used 76282K [0x00000007aab00000, 0x00000007b0000000, 0x00000007c0000000)
  eden space 65536K, 100% used [0x00000007aab00000,0x00000007aeb00000,0x00000007aeb00000)
  from space 10752K, 99% used [0x00000007aeb00000,0x00000007af57e980,0x00000007af580000)
  to   space 10752K, 0% used [0x00000007af580000,0x00000007af580000,0x00000007b0000000)
 ParOldGen       total 175104K, used 195K [0x0000000780000000, 0x000000078ab00000, 0x00000007aab00000)
  object space 175104K, 0% used [0x0000000780000000,0x0000000780030fd8,0x000000078ab00000)
 Metaspace       used 5615K, capacity 6768K, committed 7040K, reserved 1056768K
  class space    used 571K, capacity 616K, committed 640K, reserved 1048576K
Event: 6.731 GC heap after
Heap after GC invocations=2 (full 0):
 PSYoungGen      total 76288K, used 10736K [0x00000007aab00000, 0x00000007b4000000, 0x00000007c0000000)
  eden space 65536K, 0% used [0x00000007aab00000,0x00000007aab00000,0x00000007aeb00000)
  from space 10752K, 99% used [0x00000007af580000,0x00000007afffc2d8,0x00000007b0000000)
  to   space 10752K, 0% used [0x00000007aeb00000,0x00000007aeb00000,0x00000007af580000)
 ParOldGen       total 175104K, used 6757K [0x0000000780000000, 0x000000078ab00000, 0x00000007aab00000)
  object space 175104K, 3% used [0x0000000780000000,0x0000000780699590,0x000000078ab00000)
 Metaspace       used 5615K, capacity 6768K, committed 7040K, reserved 1056768K
  class space    used 571K, capacity 616K, committed 640K, reserved 1048576K
}

Deoptimization events (10 events):
Event: 5.119 Thread 0x00007f8dc3003800 Uncommon trap: reason=class_check action=maybe_recompile pc=0x0000000105049090 method=com.android.dx.rop.type.Type.equals(Ljava/lang/Object;)Z @ 8
Event: 5.143 Thread 0x00007f8dc3003800 Uncommon trap: reason=class_check action=maybe_recompile pc=0x0000000105049090 method=com.android.dx.rop.type.Type.equals(Ljava/lang/Object;)Z @ 8
Event: 5.427 Thread 0x00007f8dc3003800 Uncommon trap: reason=class_check action=maybe_recompile pc=0x0000000105049090 method=com.android.dx.rop.type.Type.equals(Ljava/lang/Object;)Z @ 8
Event: 5.435 Thread 0x00007f8dc3003800 Uncommon trap: reason=class_check action=maybe_recompile pc=0x0000000105049090 method=com.android.dx.rop.type.Type.equals(Ljava/lang/Object;)Z @ 8
Event: 5.543 Thread 0x00007f8dc3003800 Uncommon trap: reason=bimorphic action=maybe_recompile pc=0x0000000105013650 method=java.util.HashMap.getNode(ILjava/lang/Object;)Ljava/util/HashMap$Node; @ 126
Event: 5.551 Thread 0x00007f8dc3003800 Uncommon trap: reason=bimorphic action=maybe_recompile pc=0x0000000105013650 method=java.util.HashMap.getNode(ILjava/lang/Object;)Ljava/util/HashMap$Node; @ 126
Event: 5.553 Thread 0x00007f8dc3003800 Uncommon trap: reason=bimorphic action=maybe_recompile pc=0x0000000105013650 method=java.util.HashMap.getNode(ILjava/lang/Object;)Ljava/util/HashMap$Node; @ 126
Event: 5.554 Thread 0x00007f8dc3003800 Uncommon trap: reason=bimorphic action=maybe_recompile pc=0x0000000105013650 method=java.util.HashMap.getNode(ILjava/lang/Object;)Ljava/util/HashMap$Node; @ 126
Event: 5.913 Thread 0x00007f8dc3003800 Uncommon trap: reason=unreached action=reinterpret pc=0x0000000105126618 method=java.util.HashMap.getNode(ILjava/lang/Object;)Ljava/util/HashMap$Node; @ 84
Event: 6.100 Thread 0x00007f8dc3003800 Uncommon trap: reason=null_check action=make_not_entrant pc=0x00000001050d1134 method=com.android.dx.ssa.SsaRenamer.getLocalForNewReg(I)Lcom/android/dx/rop/code/LocalItem; @ 19

Internal exceptions (10 events):
Event: 3.722 Thread 0x00007f8dc3003800 Exception <a 'java/security/PrivilegedActionException'> (0x00000007ad6fc140) thrown at [/HUDSON3/workspace/8-2-build-macosx-x86_64/jdk8u25/1514/hotspot/src/share/vm/prims/jvm.cpp, line 1312]
Event: 3.949 Thread 0x00007f8dc3003800 Exception <a 'java/security/PrivilegedActionException'> (0x00000007adbb1d20) thrown at [/HUDSON3/workspace/8-2-build-macosx-x86_64/jdk8u25/1514/hotspot/src/share/vm/prims/jvm.cpp, line 1312]
Event: 3.962 Thread 0x00007f8dc3003800 Exception <a 'java/security/PrivilegedActionException'> (0x00000007adbb52f8) thrown at [/HUDSON3/workspace/8-2-build-macosx-x86_64/jdk8u25/1514/hotspot/src/share/vm/prims/jvm.cpp, line 1312]
Event: 4.008 Thread 0x00007f8dc3003800 Exception <a 'java/security/PrivilegedActionException'> (0x00000007adbc0a38) thrown at [/HUDSON3/workspace/8-2-build-macosx-x86_64/jdk8u25/1514/hotspot/src/share/vm/prims/jvm.cpp, line 1312]
Event: 4.013 Thread 0x00007f8dc3003800 Exception <a 'java/security/PrivilegedActionException'> (0x00000007adbc4270) thrown at [/HUDSON3/workspace/8-2-build-macosx-x86_64/jdk8u25/1514/hotspot/src/share/vm/prims/jvm.cpp, line 1312]
Event: 4.223 Thread 0x00007f8dc3003800 Exception <a 'java/security/PrivilegedActionException'> (0x00000007add709e8) thrown at [/HUDSON3/workspace/8-2-build-macosx-x86_64/jdk8u25/1514/hotspot/src/share/vm/prims/jvm.cpp, line 1312]
Event: 5.727 Thread 0x00007f8dc3003800 Exception <a 'java/lang/ArrayIndexOutOfBoundsException': 18> (0x00000007abe484b8) thrown at [/HUDSON3/workspace/8-2-build-macosx-x86_64/jdk8u25/1514/hotspot/src/share/vm/interpreter/interpreterRuntime.cpp, line 366]
Event: 5.733 Thread 0x00007f8dc3003800 Exception <a 'java/lang/ArrayIndexOutOfBoundsException': 145> (0x00000007abe49f50) thrown at [/HUDSON3/workspace/8-2-build-macosx-x86_64/jdk8u25/1514/hotspot/src/share/vm/interpreter/interpreterRuntime.cpp, line 366]
Event: 5.756 Thread 0x00007f8dc3003800 Exception <a 'java/lang/ArrayIndexOutOfBoundsException': 40> (0x00000007abe4b168) thrown at [/HUDSON3/workspace/8-2-build-macosx-x86_64/jdk8u25/1514/hotspot/src/share/vm/interpreter/interpreterRuntime.cpp, line 366]
Event: 6.097 Thread 0x00007f8dc3003800 Implicit null exception at 0x00000001050cf06b to 0x00000001050d1119

Events (10 events):
Event: 6.271 Thread 0x00007f8dc3003800 DEOPT PACKING pc=0x00000001050006bc sp=0x000000010455fba0
Event: 6.271 Thread 0x00007f8dc3003800 DEOPT UNPACKING pc=0x0000000104e47373 sp=0x000000010455f8f0 mode 0
Event: 6.449 Thread 0x00007f8dc3003800 DEOPT PACKING pc=0x000000010512bd58 sp=0x000000010455fd10
Event: 6.449 Thread 0x00007f8dc3003800 DEOPT UNPACKING pc=0x0000000104e47373 sp=0x000000010455fb78 mode 0
Event: 6.550 Thread 0x00007f8dc3003800 DEOPT PACKING pc=0x00000001050006bc sp=0x000000010455fdc0
Event: 6.550 Thread 0x00007f8dc3003800 DEOPT UNPACKING pc=0x0000000104e47373 sp=0x000000010455fb10 mode 0
Event: 6.677 Executing VM operation: ParallelGCFailedAllocation
Event: 6.731 Executing VM operation: ParallelGCFailedAllocation done
Event: 6.748 Thread 0x00007f8dc3003800 DEOPT PACKING pc=0x00000001050c2f89 sp=0x000000010455fdb0
Event: 6.748 Thread 0x00007f8dc3003800 DEOPT UNPACKING pc=0x0000000104e47373 sp=0x000000010455fac8 mode 0


Dynamic libraries:
0x0000000009645000 	/System/Library/Frameworks/Cocoa.framework/Versions/A/Cocoa
0x0000000009645000 	/System/Library/Frameworks/Security.framework/Versions/A/Security
0x0000000009645000 	/System/Library/Frameworks/ApplicationServices.framework/Versions/A/ApplicationServices
0x0000000009645000 	/usr/lib/libz.1.dylib
0x0000000009645000 	/usr/lib/libSystem.B.dylib
0x0000000009645000 	/usr/lib/libobjc.A.dylib
0x0000000009645000 	/System/Library/Frameworks/CoreFoundation.framework/Versions/A/CoreFoundation
0x0000000009645000 	/System/Library/Frameworks/Foundation.framework/Versions/C/Foundation
0x0000000009645000 	/System/Library/Frameworks/AppKit.framework/Versions/C/AppKit
0x0000000009645000 	/System/Library/Frameworks/CoreData.framework/Versions/A/CoreData
0x0000000009645000 	/System/Library/PrivateFrameworks/RemoteViewServices.framework/Versions/A/RemoteViewServices
0x0000000009645000 	/System/Library/Frameworks/AudioToolbox.framework/Versions/A/AudioToolbox
0x0000000009645000 	/System/Library/Frameworks/AudioUnit.framework/Versions/A/AudioUnit
0x0000000009645000 	/System/Library/PrivateFrameworks/DataDetectorsCore.framework/Versions/A/DataDetectorsCore
0x0000000009645000 	/System/Library/PrivateFrameworks/DesktopServicesPriv.framework/Versions/A/DesktopServicesPriv
0x0000000009645000 	/System/Library/Frameworks/Carbon.framework/Versions/A/Frameworks/HIToolbox.framework/Versions/A/HIToolbox
0x0000000009645000 	/System/Library/Frameworks/QuartzCore.framework/Versions/A/QuartzCore
0x0000000009645000 	/System/Library/Frameworks/Carbon.framework/Versions/A/Frameworks/SpeechRecognition.framework/Versions/A/SpeechRecognition
0x0000000009645000 	/usr/lib/libauto.dylib
0x0000000009645000 	/usr/lib/libicucore.A.dylib
0x0000000009645000 	/usr/lib/libxml2.2.dylib
0x0000000009645000 	/System/Library/PrivateFrameworks/CoreUI.framework/Versions/A/CoreUI
0x0000000009645000 	/System/Library/Frameworks/CoreAudio.framework/Versions/A/CoreAudio
0x0000000009645000 	/System/Library/Frameworks/DiskArbitration.framework/Versions/A/DiskArbitration
0x0000000009645000 	/usr/lib/liblangid.dylib
0x0000000009645000 	/System/Library/PrivateFrameworks/MultitouchSupport.framework/Versions/A/MultitouchSupport
0x0000000009645000 	/System/Library/Frameworks/IOKit.framework/Versions/A/IOKit
0x0000000009645000 	/usr/lib/libDiagnosticMessagesClient.dylib
0x0000000009645000 	/System/Library/Frameworks/CoreServices.framework/Versions/A/CoreServices
0x0000000009645000 	/System/Library/PrivateFrameworks/PerformanceAnalysis.framework/Versions/A/PerformanceAnalysis
0x0000000009645000 	/System/Library/PrivateFrameworks/GenerationalStorage.framework/Versions/A/GenerationalStorage
0x0000000009645000 	/System/Library/Frameworks/OpenGL.framework/Versions/A/OpenGL
0x0000000009645000 	/System/Library/PrivateFrameworks/Sharing.framework/Versions/A/Sharing
0x0000000009645000 	/System/Library/Frameworks/ImageIO.framework/Versions/A/ImageIO
0x0000000009645000 	/System/Library/Frameworks/CoreText.framework/Versions/A/CoreText
0x0000000009645000 	/System/Library/Frameworks/CoreGraphics.framework/Versions/A/CoreGraphics
0x0000000009645000 	/System/Library/PrivateFrameworks/Backup.framework/Versions/A/Backup
0x0000000009645000 	/System/Library/Frameworks/CFNetwork.framework/Versions/A/CFNetwork
0x0000000009645000 	/System/Library/Frameworks/SystemConfiguration.framework/Versions/A/SystemConfiguration
0x0000000009645000 	/usr/lib/libCRFSuite.dylib
0x0000000009645000 	/usr/lib/libc++.1.dylib
0x0000000009645000 	/usr/lib/libc++abi.dylib
0x0000000009645000 	/usr/lib/system/libcache.dylib
0x0000000009645000 	/usr/lib/system/libcommonCrypto.dylib
0x0000000009645000 	/usr/lib/system/libcompiler_rt.dylib
0x0000000009645000 	/usr/lib/system/libcopyfile.dylib
0x0000000009645000 	/usr/lib/system/libcorecrypto.dylib
0x0000000009645000 	/usr/lib/system/libdispatch.dylib
0x0000000009645000 	/usr/lib/system/libdyld.dylib
0x0000000009645000 	/usr/lib/system/libkeymgr.dylib
0x0000000009645000 	/usr/lib/system/liblaunch.dylib
0x0000000009645000 	/usr/lib/system/libmacho.dylib
0x0000000009645000 	/usr/lib/system/libquarantine.dylib
0x0000000009645000 	/usr/lib/system/libremovefile.dylib
0x0000000009645000 	/usr/lib/system/libsystem_asl.dylib
0x0000000009645000 	/usr/lib/system/libsystem_blocks.dylib
0x0000000009645000 	/usr/lib/system/libsystem_c.dylib
0x0000000009645000 	/usr/lib/system/libsystem_configuration.dylib
0x0000000009645000 	/usr/lib/system/libsystem_dnssd.dylib
0x0000000009645000 	/usr/lib/system/libsystem_info.dylib
0x0000000009645000 	/usr/lib/system/libsystem_kernel.dylib
0x0000000009645000 	/usr/lib/system/libsystem_m.dylib
0x0000000009645000 	/usr/lib/system/libsystem_malloc.dylib
0x0000000009645000 	/usr/lib/system/libsystem_network.dylib
0x0000000009645000 	/usr/lib/system/libsystem_notify.dylib
0x0000000009645000 	/usr/lib/system/libsystem_platform.dylib
0x0000000009645000 	/usr/lib/system/libsystem_pthread.dylib
0x0000000009645000 	/usr/lib/system/libsystem_sandbox.dylib
0x0000000009645000 	/usr/lib/system/libsystem_stats.dylib
0x0000000009645000 	/usr/lib/system/libunc.dylib
0x0000000009645000 	/usr/lib/system/libunwind.dylib
0x0000000009645000 	/usr/lib/system/libxpc.dylib
0x0000000009645000 	/usr/lib/libbsm.0.dylib
0x0000000009645000 	/usr/lib/libsqlite3.dylib
0x0000000009645000 	/usr/lib/libxar.1.dylib
0x0000000009645000 	/usr/lib/libpam.2.dylib
0x0000000009645000 	/usr/lib/libOpenScriptingUtil.dylib
0x0000000009645000 	/usr/lib/libbz2.1.0.dylib
0x0000000009645000 	/System/Library/Frameworks/CoreServices.framework/Versions/A/Frameworks/CarbonCore.framework/Versions/A/CarbonCore
0x0000000009645000 	/System/Library/Frameworks/CoreServices.framework/Versions/A/Frameworks/Metadata.framework/Versions/A/Metadata
0x0000000009645000 	/System/Library/Frameworks/CoreServices.framework/Versions/A/Frameworks/OSServices.framework/Versions/A/OSServices
0x0000000009645000 	/System/Library/Frameworks/CoreServices.framework/Versions/A/Frameworks/SearchKit.framework/Versions/A/SearchKit
0x0000000009645000 	/System/Library/Frameworks/CoreServices.framework/Versions/A/Frameworks/AE.framework/Versions/A/AE
0x0000000009645000 	/System/Library/Frameworks/CoreServices.framework/Versions/A/Frameworks/LaunchServices.framework/Versions/A/LaunchServices
0x0000000009645000 	/System/Library/Frameworks/CoreServices.framework/Versions/A/Frameworks/DictionaryServices.framework/Versions/A/DictionaryServices
0x0000000009645000 	/System/Library/Frameworks/NetFS.framework/Versions/A/NetFS
0x0000000009645000 	/usr/lib/system/libkxld.dylib
0x0000000009645000 	/System/Library/PrivateFrameworks/NetAuth.framework/Versions/A/NetAuth
0x0000000009645000 	/System/Library/PrivateFrameworks/TCC.framework/Versions/A/TCC
0x0000000009645000 	/System/Library/Frameworks/OpenDirectory.framework/Versions/A/Frameworks/CFOpenDirectory.framework/Versions/A/CFOpenDirectory
0x0000000009645000 	/System/Library/Frameworks/ServiceManagement.framework/Versions/A/ServiceManagement
0x0000000009645000 	/usr/lib/libxslt.1.dylib
0x0000000009645000 	/System/Library/Frameworks/Carbon.framework/Versions/A/Frameworks/Ink.framework/Versions/A/Ink
0x0000000009645000 	/System/Library/Frameworks/ApplicationServices.framework/Versions/A/Frameworks/ATS.framework/Versions/A/ATS
0x0000000009645000 	/System/Library/Frameworks/ApplicationServices.framework/Versions/A/Frameworks/ColorSync.framework/Versions/A/ColorSync
0x0000000009645000 	/System/Library/Frameworks/ApplicationServices.framework/Versions/A/Frameworks/HIServices.framework/Versions/A/HIServices
0x0000000009645000 	/System/Library/Frameworks/ApplicationServices.framework/Versions/A/Frameworks/LangAnalysis.framework/Versions/A/LangAnalysis
0x0000000009645000 	/System/Library/Frameworks/ApplicationServices.framework/Versions/A/Frameworks/PrintCore.framework/Versions/A/PrintCore
0x0000000009645000 	/System/Library/Frameworks/ApplicationServices.framework/Versions/A/Frameworks/QD.framework/Versions/A/QD
0x0000000009645000 	/System/Library/Frameworks/ApplicationServices.framework/Versions/A/Frameworks/SpeechSynthesis.framework/Versions/A/SpeechSynthesis
0x0000000009645000 	/System/Library/Frameworks/IOSurface.framework/Versions/A/IOSurface
0x0000000009645000 	/System/Library/Frameworks/Accelerate.framework/Versions/A/Accelerate
0x0000000009645000 	/System/Library/Frameworks/Accelerate.framework/Versions/A/Frameworks/vImage.framework/Versions/A/vImage
0x0000000009645000 	/System/Library/Frameworks/Accelerate.framework/Versions/A/Frameworks/vecLib.framework/Versions/A/vecLib
0x0000000009645000 	/System/Library/Frameworks/Accelerate.framework/Versions/A/Frameworks/vecLib.framework/Versions/A/libvDSP.dylib
0x0000000009645000 	/System/Library/Frameworks/Accelerate.framework/Versions/A/Frameworks/vecLib.framework/Versions/A/libvMisc.dylib
0x0000000009645000 	/System/Library/Frameworks/Accelerate.framework/Versions/A/Frameworks/vecLib.framework/Versions/A/libLAPACK.dylib
0x0000000009645000 	/System/Library/Frameworks/Accelerate.framework/Versions/A/Frameworks/vecLib.framework/Versions/A/libBLAS.dylib
0x0000000009645000 	/System/Library/Frameworks/ApplicationServices.framework/Versions/A/Frameworks/ATS.framework/Versions/A/Resources/libFontParser.dylib
0x0000000009645000 	/System/Library/Frameworks/ApplicationServices.framework/Versions/A/Frameworks/ATS.framework/Versions/A/Resources/libFontRegistry.dylib
0x0000000009645000 	/System/Library/Frameworks/ImageIO.framework/Versions/A/Resources/libJPEG.dylib
0x0000000009645000 	/System/Library/Frameworks/ImageIO.framework/Versions/A/Resources/libTIFF.dylib
0x0000000009645000 	/System/Library/Frameworks/ImageIO.framework/Versions/A/Resources/libPng.dylib
0x0000000009645000 	/System/Library/Frameworks/ImageIO.framework/Versions/A/Resources/libGIF.dylib
0x0000000009645000 	/System/Library/Frameworks/ImageIO.framework/Versions/A/Resources/libJP2.dylib
0x0000000009645000 	/System/Library/Frameworks/ImageIO.framework/Versions/A/Resources/libRadiance.dylib
0x0000000009645000 	/usr/lib/libcups.2.dylib
0x0000000009645000 	/System/Library/Frameworks/Kerberos.framework/Versions/A/Kerberos
0x0000000009645000 	/System/Library/Frameworks/GSS.framework/Versions/A/GSS
0x0000000009645000 	/usr/lib/libresolv.9.dylib
0x0000000009645000 	/usr/lib/libiconv.2.dylib
0x0000000009645000 	/System/Library/PrivateFrameworks/Heimdal.framework/Versions/A/Heimdal
0x0000000009645000 	/System/Library/PrivateFrameworks/TrustEvaluationAgent.framework/Versions/A/TrustEvaluationAgent
0x0000000009645000 	/usr/lib/libheimdal-asn1.dylib
0x0000000009645000 	/System/Library/Frameworks/OpenDirectory.framework/Versions/A/OpenDirectory
0x0000000009645000 	/System/Library/PrivateFrameworks/CommonAuth.framework/Versions/A/CommonAuth
0x0000000009645000 	/System/Library/Frameworks/SecurityFoundation.framework/Versions/A/SecurityFoundation
0x0000000009645000 	/System/Library/PrivateFrameworks/Bom.framework/Versions/A/Bom
0x0000000009645000 	/System/Library/Frameworks/CoreVideo.framework/Versions/A/CoreVideo
0x0000000009645000 	/System/Library/Frameworks/QuartzCore.framework/Versions/A/Frameworks/CoreImage.framework/Versions/A/CoreImage
0x0000000009645000 	/System/Library/Frameworks/QuartzCore.framework/Versions/A/Frameworks/ScalableUserInterface.framework/Versions/A/ScalableUserInterface
0x0000000009645000 	/System/Library/Frameworks/OpenGL.framework/Versions/A/Libraries/libGLU.dylib
0x0000000009645000 	/System/Library/Frameworks/OpenGL.framework/Versions/A/Libraries/libGFXShared.dylib
0x0000000009645000 	/System/Library/Frameworks/OpenGL.framework/Versions/A/Libraries/libGL.dylib
0x0000000009645000 	/System/Library/Frameworks/OpenGL.framework/Versions/A/Libraries/libGLImage.dylib
0x0000000009645000 	/System/Library/Frameworks/OpenGL.framework/Versions/A/Libraries/libCVMSPluginSupport.dylib
0x0000000009645000 	/System/Library/Frameworks/OpenGL.framework/Versions/A/Libraries/libCoreVMClient.dylib
0x0000000009645000 	/System/Library/PrivateFrameworks/FaceCore.framework/Versions/A/FaceCore
0x0000000009645000 	/System/Library/PrivateFrameworks/CrashReporterSupport.framework/Versions/A/CrashReporterSupport
0x0000000009645000 	/System/Library/Frameworks/OpenCL.framework/Versions/A/OpenCL
0x0000000009645000 	/System/Library/PrivateFrameworks/AppleFSCompression.framework/Versions/A/AppleFSCompression
0x0000000009645000 	/System/Library/PrivateFrameworks/Ubiquity.framework/Versions/A/Ubiquity
0x0000000009645000 	/System/Library/PrivateFrameworks/IconServices.framework/Versions/A/IconServices
0x0000000009645000 	/System/Library/PrivateFrameworks/ChunkingLibrary.framework/Versions/A/ChunkingLibrary
0x0000000009645000 	/System/Library/PrivateFrameworks/CoreSymbolication.framework/Versions/A/CoreSymbolication
0x0000000009645000 	/System/Library/PrivateFrameworks/Symbolication.framework/Versions/A/Symbolication
0x0000000009645000 	/System/Library/PrivateFrameworks/DebugSymbols.framework/Versions/A/DebugSymbols
0x0000000103544000 	/Library/Java/JavaVirtualMachines/jdk1.8.0_25.jdk/Contents/Home/jre/lib/server/libjvm.dylib
0x0000000009645000 	/usr/lib/libstdc++.6.dylib
0x0000000104563000 	/Library/Java/JavaVirtualMachines/jdk1.8.0_25.jdk/Contents/Home/jre/lib/libverify.dylib
0x0000000104587000 	/Library/Java/JavaVirtualMachines/jdk1.8.0_25.jdk/Contents/Home/jre/lib/libjava.dylib
0x00000001045c5000 	/Library/Java/JavaVirtualMachines/jdk1.8.0_25.jdk/Contents/Home/jre/lib/libzip.dylib
0x00000001045e2000 	/System/Library/Frameworks/JavaVM.framework/Frameworks/JavaRuntimeSupport.framework/JavaRuntimeSupport
0x00000001188cf000 	/System/Library/Frameworks/JavaVM.framework/Versions/A/Frameworks/JavaNativeFoundation.framework/Versions/A/JavaNativeFoundation
0x00000001188e4000 	/System/Library/Frameworks/JavaVM.framework/Versions/A/JavaVM
0x0000000009645000 	/System/Library/Frameworks/Carbon.framework/Versions/A/Carbon
0x00000001188f1000 	/System/Library/PrivateFrameworks/JavaLaunching.framework/Versions/A/JavaLaunching
0x0000000009645000 	/System/Library/Frameworks/Carbon.framework/Versions/A/Frameworks/CommonPanels.framework/Versions/A/CommonPanels
0x0000000009645000 	/System/Library/Frameworks/Carbon.framework/Versions/A/Frameworks/Help.framework/Versions/A/Help
0x0000000009645000 	/System/Library/Frameworks/Carbon.framework/Versions/A/Frameworks/ImageCapture.framework/Versions/A/ImageCapture
0x0000000009645000 	/System/Library/Frameworks/Carbon.framework/Versions/A/Frameworks/OpenScripting.framework/Versions/A/OpenScripting
0x0000000009645000 	/System/Library/Frameworks/Carbon.framework/Versions/A/Frameworks/Print.framework/Versions/A/Print
0x0000000009645000 	/System/Library/Frameworks/Carbon.framework/Versions/A/Frameworks/SecurityHI.framework/Versions/A/SecurityHI

VM Arguments:
jvm_args: -Xmx1024M 
java_command: /Users/patboyle/Downloads/eclipse/sdk/build-tools/21.1.2/lib/dx.jar --dex --output /Users/patboyle/Developer/AndroidMobilePushApp1/app/build/intermediates/pre-dexed/debug/classes-aa3a8a74e46d3a28b7a2bd410408ddc397d87d0c.jar /Users/patboyle/Developer/AndroidMobilePushApp1/app/build/intermediates/exploded-aar/com.android.support/support-v4/21.0.0/classes.jar
java_class_path (initial): /Users/patboyle/Downloads/eclipse/sdk/build-tools/21.1.2/lib/dx.jar
Launcher Type: SUN_STANDARD

Environment Variables:
PATH=/usr/bin:/bin:/usr/sbin:/sbin
SHELL=/bin/zsh

Signal Handlers:
SIGSEGV: [libjvm.dylib+0x579dc7], sa_mask[0]=11111111011111110111111111111111, sa_flags=SA_ONSTACK|SA_RESTART|SA_SIGINFO
SIGBUS: [libjvm.dylib+0x579dc7], sa_mask[0]=11111111011111110111111111111111, sa_flags=SA_RESTART|SA_SIGINFO
SIGFPE: [libjvm.dylib+0x45b030], sa_mask[0]=11111111011111110111111111111111, sa_flags=SA_RESTART|SA_SIGINFO
SIGPIPE: [libjvm.dylib+0x45b030], sa_mask[0]=11111111011111110111111111111111, sa_flags=SA_RESTART|SA_SIGINFO
SIGXFSZ: [libjvm.dylib+0x45b030], sa_mask[0]=11111111011111110111111111111111, sa_flags=SA_RESTART|SA_SIGINFO
SIGILL: [libjvm.dylib+0x45b030], sa_mask[0]=11111111011111110111111111111111, sa_flags=SA_RESTART|SA_SIGINFO
SIGUSR1: SIG_DFL, sa_mask[0]=00000000000000000000000000000000, sa_flags=SA_RESTART
SIGUSR2: [libjvm.dylib+0x45ab4e], sa_mask[0]=00100000000000000000000000000000, sa_flags=SA_RESTART|SA_SIGINFO
SIGHUP: [libjvm.dylib+0x459121], sa_mask[0]=11111111011111110111111111111111, sa_flags=SA_RESTART|SA_SIGINFO
SIGINT: [libjvm.dylib+0x459121], sa_mask[0]=11111111011111110111111111111111, sa_flags=SA_RESTART|SA_SIGINFO
SIGTERM: [libjvm.dylib+0x459121], sa_mask[0]=11111111011111110111111111111111, sa_flags=SA_RESTART|SA_SIGINFO
SIGQUIT: [libjvm.dylib+0x459121], sa_mask[0]=11111111011111110111111111111111, sa_flags=SA_RESTART|SA_SIGINFO


---------------  S Y S T E M  ---------------

OS:Bsduname:Darwin 13.4.0 Darwin Kernel Version 13.4.0: Sun Aug 17 19:50:11 PDT 2014; root:xnu-2422.115.4~1/RELEASE_X86_64 x86_64
rlimit: STACK 8192k, CORE 0k, NPROC 709, NOFILE 10240, AS infinity
load average:3.29 5.58 4.77

CPU:total 4 (2 cores per cpu, 2 threads per core) family 6 model 42 stepping 7, cmov, cx8, fxsr, mmx, sse, sse2, sse3, ssse3, sse4.1, sse4.2, popcnt, avx, aes, clmul, ht, tsc, tscinvbit

Memory: 4k page, physical 16777216k(8460k free)

/proc/meminfo:


vm_info: Java HotSpot(TM) 64-Bit Server VM (25.25-b02) for bsd-amd64 JRE (1.8.0_25-b17), built on Sep 17 2014 16:56:50 by "java_re" with gcc 4.2.1 (Based on Apple Inc. build 5658) (LLVM build 2336.11.00)

time: Wed Jan 14 16:44:27 2015
elapsed time: 6 seconds (0d 0h 0m 6s)

